0 info it worked if it ends with ok
1 verbose cli [ '/usr/local/Cellar/nvm/0.11.0/v0.10.33/bin/node',
1 verbose cli   '/usr/local/Cellar/nvm/0.11.0/v0.10.33/bin/npm',
1 verbose cli   'install',
1 verbose cli   'socket.io@@0.9.17' ]
2 info using npm@1.4.28
3 info using node@v0.10.33
4 verbose cache add [ 'socket.io@@0.9.17', null ]
5 verbose cache add name=undefined spec="socket.io@@0.9.17" args=["socket.io@@0.9.17",null]
6 verbose parsed url { protocol: null,
6 verbose parsed url   slashes: null,
6 verbose parsed url   auth: null,
6 verbose parsed url   host: null,
6 verbose parsed url   port: null,
6 verbose parsed url   hostname: null,
6 verbose parsed url   hash: null,
6 verbose parsed url   search: null,
6 verbose parsed url   query: null,
6 verbose parsed url   pathname: 'socket.io@@0.9.17',
6 verbose parsed url   path: 'socket.io@@0.9.17',
6 verbose parsed url   href: 'socket.io@@0.9.17' }
7 verbose cache add name="socket.io" spec="@0.9.17" args=["socket.io","@0.9.17"]
8 verbose parsed url { protocol: null,
8 verbose parsed url   slashes: null,
8 verbose parsed url   auth: null,
8 verbose parsed url   host: null,
8 verbose parsed url   port: null,
8 verbose parsed url   hostname: null,
8 verbose parsed url   hash: null,
8 verbose parsed url   search: null,
8 verbose parsed url   query: null,
8 verbose parsed url   pathname: '@0.9.17',
8 verbose parsed url   path: '@0.9.17',
8 verbose parsed url   href: '@0.9.17' }
9 verbose addNamed [ 'socket.io', '@0.9.17' ]
10 verbose addNamed [ null, null ]
11 silly lockFile 1e4ea066-socket-io-0-9-17 socket.io@@0.9.17
12 verbose lock socket.io@@0.9.17 /Users/cyber/.npm/1e4ea066-socket-io-0-9-17.lock
13 info addNameTag [ 'socket.io', '@0.9.17' ]
14 verbose request where is /socket.io
15 verbose request registry https://registry.npmjs.org/
16 verbose request id 593c0fcec1ac916b
17 verbose url raw /socket.io
18 verbose url resolving [ 'https://registry.npmjs.org/', './socket.io' ]
19 verbose url resolved https://registry.npmjs.org/socket.io
20 verbose request where is https://registry.npmjs.org/socket.io
21 info trying registry request attempt 1 at 18:20:43
22 verbose etag "ATEFG38TPE5L17555JZV2Z3LU"
23 http GET https://registry.npmjs.org/socket.io
24 http 200 https://registry.npmjs.org/socket.io
25 silly registry.get cb [ 200,
25 silly registry.get   { date: 'Thu, 15 Jan 2015 09:20:44 GMT',
25 silly registry.get     server: 'CouchDB/1.5.0 (Erlang OTP/R14B04)',
25 silly registry.get     etag: '"1CTLQN1W0QB739NQMA6KY3PE7"',
25 silly registry.get     'content-type': 'application/json',
25 silly registry.get     'cache-control': 'max-age=60',
25 silly registry.get     'content-length': '103302',
25 silly registry.get     'accept-ranges': 'bytes',
25 silly registry.get     via: '1.1 varnish',
25 silly registry.get     age: '0',
25 silly registry.get     'x-served-by': 'cache-ty67-TYO',
25 silly registry.get     'x-cache': 'HIT',
25 silly registry.get     'x-cache-hits': '1',
25 silly registry.get     'x-timer': 'S1421313644.021503,VS0,VE182',
25 silly registry.get     vary: 'Accept',
25 silly registry.get     'keep-alive': 'timeout=10, max=50',
25 silly registry.get     connection: 'Keep-Alive' } ]
26 silly lockFile 1e4ea066-socket-io-0-9-17 socket.io@@0.9.17
27 silly lockFile 1e4ea066-socket-io-0-9-17 socket.io@@0.9.17
28 error notarget No compatible version found: socket.io@'@0.9.17'
28 error notarget Valid install targets:
28 error notarget ["0.3.8","0.4.0","0.4.1","0.5.1","0.5.3","0.6.0","0.6.1","0.6.3","0.6.4","0.6.5","0.6.6","0.6.7","0.6.8","0.6.9","0.6.10","0.6.11","0.6.12","0.6.14","0.6.15","0.6.16","0.6.17","0.6.18","0.7.0","0.7.1","0.7.2","0.7.3","0.7.4","0.7.5","0.7.6","0.7.7","0.7.8","0.7.9","0.7.10","0.7.11","0.8.0","0.8.1","0.8.2","0.8.3","0.8.4","0.8.5","0.8.6","0.8.7","0.9.0","0.9.1","0.9.1-1","0.9.2","0.9.3","0.9.4","0.9.5","0.9.6","0.9.7","0.9.8","0.9.9","0.9.10","0.9.11","0.9.12","0.9.13","0.9.14","0.9.15","0.9.16","1.0.0-pre","1.0.0-pre2","1.0.0-pre3","1.0.0-pre4","1.0.0-pre5","0.9.17","1.0.0","1.0.1","1.0.2","1.0.3","1.0.4","1.0.5","1.0.6","1.1.0","1.2.0","1.2.1"]
28 error notarget
28 error notarget This is most likely not a problem with npm itself.
28 error notarget In most cases you or one of your dependencies are requesting
28 error notarget a package version that doesn't exist.
29 error System Darwin 13.4.0
30 error command "/usr/local/Cellar/nvm/0.11.0/v0.10.33/bin/node" "/usr/local/Cellar/nvm/0.11.0/v0.10.33/bin/npm" "install" "socket.io@@0.9.17"
31 error cwd /Users/cyber/Desktop/FPSonBoard
32 error node -v v0.10.33
33 error npm -v 1.4.28
34 error code ETARGET
35 verbose exit [ 1, true ]
